 2   1.9281470067903975e+01   1.9281470067903971e+01
 3   5.2405677758606271e+02   5.2405677758606441e+02
 4   1.5513738738933602e+04   1.5513738738929240e+04
 5   4.7660725024576450e+05   4.7660725024259434e+05
 6   1.4951058642074950e+07   1.4951058642254665e+07
 7   4.7536735646774173e+08   4.7536735658312899e+08
 8   1.5257576321957926e+10   1.5257575538060041e+10
 9   4.9315378601241656e+11   4.9315375644687622e+11
10   1.6026019477413041e+13   1.6024416992541715e+13
11   5.2342065664873800e+14   5.2226779392803350e+14
12   1.7715806936210972e+16   1.7514731907091464e+16
13   3.3028536593780403e+17   3.3441434973384612e+18
14   4.3544723094505190e+17   6.2007862631614438e+17
15   4.3803470904383226e+17   3.6743929534679738e+17
16   3.1464399162753464e+18   7.8654677784316454e+17
17   9.5904030774353024e+17   1.2636843426660521e+18
18   7.0406149242160448e+17   2.2446309929189128e+18
19   7.4602581749320192e+17   6.4719539765415905e+18
20   2.0859944216801879e+18   1.3553657908688225e+18
21   2.5506466178993106e+18   3.2901263286013988e+18
22   1.5380937814544512e+18   1.0361032753348465e+19
23   1.0210321116999487e+18   6.3137786707246707e+17
24   1.7322055247376986e+19   2.1295026673381340e+18
25   1.8794667992381827e+18   1.3719347461445998e+18
26   2.3860596226532419e+18   5.8386367052193280e+18
27   1.0207986456449212e+20   4.4245878773615831e+18
28   1.7115526247335235e+18   9.2353242451613737e+18
29   4.4535026974124037e+18   8.0592620035276698e+18
